<?xml version="1.0" encoding="UTF-8"?>
<!-- Generated by org.testng.reporters.JUnitReportReporter -->
<testsuite hostname="INLEN8520016265" failures="0" tests="1" name="com.model.Amazon" time="15.464" errors="0" timestamp="2022-09-28T10:51:57 IST" skipped="0">
  <testcase classname="com.model.Amazon" name="test" time="15.464"/>
  <system-out/>
</testsuite> <!-- com.model.Amazon -->
