<?xml version="1.0" encoding="UTF-8"?>
<!-- Generated by org.testng.reporters.JUnitReportReporter -->
<testsuite hostname="INLEN8520016265" failures="0" tests="3" name="com.model.SkipTest" time="0.002" errors="0" timestamp="2022-09-22T15:11:07 IST" skipped="2">
  <testcase classname="com.model.SkipTest" name="test3" time="0.001"/>
  <system-out/>
  <testcase classname="com.model.SkipTest" name="test2" time="0.001">
    <skipped/>
  </testcase> <!-- test2 -->
  <system-out/>
  <testcase classname="com.model.SkipTest" name="test1">
    <skipped/>
  </testcase> <!-- test1 -->
  <system-out/>
</testsuite> <!-- com.model.SkipTest -->
