<?xml version="1.0" encoding="UTF-8"?>
<!-- Generated by org.testng.reporters.JUnitReportReporter -->
<testsuite hostname="INLEN8520016265" failures="0" tests="3" name="com.model.ReportsTest" time="0.017" errors="0" timestamp="2022-09-23T12:39:50 IST" skipped="0">
  <testcase classname="com.model.ReportsTest" name="reporterTest1" time="0.014"/>
  <system-out>
    <![CDATA[Method name is reporterTest1
This is Test 1
Status of execution is 1]]>
  </system-out>
  <testcase classname="com.model.ReportsTest" name="reporterTest3" time="0.002"/>
  <system-out>
    <![CDATA[Method name is reporterTest3
Status of execution is 1]]>
  </system-out>
  <testcase classname="com.model.ReportsTest" name="reporterTest2" time="0.001"/>
  <system-out>
    <![CDATA[Method name is reporterTest2
Status of execution is 1]]>
  </system-out>
</testsuite> <!-- com.model.ReportsTest -->
