<?xml version="1.0" encoding="UTF-8"?>
<!-- Generated by org.testng.reporters.JUnitReportReporter -->
<testsuite hostname="INLEN8520016265" failures="0" tests="1" name="com.model.BrowserData" time="9.186" errors="0" timestamp="2022-09-22T14:16:39 IST" skipped="0">
  <testcase classname="com.model.BrowserData" name="launchApplication" time="9.186"/>
  <system-out/>
</testsuite> <!-- com.model.BrowserData -->
