<?xml version="1.0" encoding="UTF-8"?>
<!-- Generated by org.testng.reporters.JUnitReportReporter -->
<testsuite hostname="INLEN8520016265" failures="0" tests="2" name="com.model.LoginTest" time="0.002" errors="0" timestamp="2022-09-22T15:11:07 IST" skipped="0">
  <testcase classname="com.model.LoginTest" name="test1" time="0.001"/>
  <system-out/>
  <testcase classname="com.model.LoginTest" name="test2" time="0.001"/>
  <system-out/>
</testsuite> <!-- com.model.LoginTest -->
