<?xml version="1.0" encoding="UTF-8"?>
<!-- Generated by org.testng.reporters.JUnitReportReporter -->
<testsuite hostname="INLEN8520016265" failures="0" tests="4" name="com.model.TestGroups1" time="0.011" errors="0" timestamp="2022-10-13T11:33:57 IST" skipped="0">
  <testcase classname="com.model.TestGroups1" name="test1" time="0.009"/>
  <system-out/>
  <testcase classname="com.model.TestGroups1" name="test4" time="0.001"/>
  <system-out/>
  <testcase classname="com.model.TestGroups1" name="test3" time="0.001"/>
  <system-out/>
  <testcase classname="com.model.TestGroups1" name="test2" time="0.000"/>
  <system-out/>
</testsuite> <!-- com.model.TestGroups1 -->
