<?xml version="1.0" encoding="UTF-8"?>
<!-- Generated by org.testng.reporters.JUnitReportReporter -->
<testsuite hostname="INLEN8520016265" failures="0" tests="1" name="com.model.TitleTest" time="8.490" errors="0" timestamp="2022-10-13T11:41:19 IST" skipped="0">
  <testcase classname="com.model.TitleTest" name="verifyTitleTest" time="8.490"/>
  <system-out/>
</testsuite> <!-- com.model.TitleTest -->
