<?xml version="1.0" encoding="UTF-8"?>
<!-- Generated by org.testng.reporters.JUnitReportReporter -->
<testsuite hostname="INLEN8520016265" failures="0" tests="5" name="com.model.DataProviderDemo" time="0.021" errors="0" timestamp="2022-09-21T14:44:48 IST" skipped="0">
  <testcase classname="com.model.DataProviderDemo" name="test1" time="0.001"/>
  <system-out/>
  <testcase classname="com.model.DataProviderDemo" name="test" time="0.013"/>
  <system-out/>
  <testcase classname="com.model.DataProviderDemo" name="test" time="0.002"/>
  <system-out/>
  <testcase classname="com.model.DataProviderDemo" name="test" time="0.002"/>
  <system-out/>
  <testcase classname="com.model.DataProviderDemo" name="test1" time="0.003"/>
  <system-out/>
</testsuite> <!-- com.model.DataProviderDemo -->
