<?xml version="1.0" encoding="UTF-8"?>
<!-- Generated by org.testng.reporters.JUnitReportReporter -->
<testsuite hostname="INLEN8520016265" failures="0" tests="2" name="com.model.TestGroups" time="0.009" errors="0" timestamp="2022-09-21T10:54:54 IST" skipped="0">
  <testcase classname="com.model.TestGroups" name="test4" time="0.000"/>
  <system-out/>
  <testcase classname="com.model.TestGroups" name="test1" time="0.009"/>
  <system-out/>
</testsuite> <!-- com.model.TestGroups -->
