<?xml version="1.0" encoding="UTF-8"?>
<!-- Generated by org.testng.reporters.JUnitReportReporter -->
<testsuite hostname="INLEN8520016265" failures="0" tests="1" name="com.model.SoftAssertTest" time="3.943" errors="0" timestamp="2022-09-20T17:42:23 IST" skipped="0">
  <testcase classname="com.model.SoftAssertTest" name="verifyTitleTest" time="3.943"/>
  <system-out/>
</testsuite> <!-- com.model.SoftAssertTest -->
