<?xml version="1.0" encoding="UTF-8"?>
<!-- Generated by org.testng.reporters.JUnitReportReporter -->
<testsuite hostname="INLEN8520016265" failures="0" tests="5" name="com.model.DataProviderMain" time="0.034" errors="0" timestamp="2022-09-22T10:38:13 IST" skipped="0">
  <testcase classname="com.model.DataProviderMain" name="test" time="0.002"/>
  <system-out/>
  <testcase classname="com.model.DataProviderMain" name="test" time="0.002"/>
  <system-out/>
  <testcase classname="com.model.DataProviderMain" name="test1" time="0.003"/>
  <system-out/>
  <testcase classname="com.model.DataProviderMain" name="test" time="0.015"/>
  <system-out/>
  <testcase classname="com.model.DataProviderMain" name="test1" time="0.012"/>
  <system-out/>
</testsuite> <!-- com.model.DataProviderMain -->
